984407551523081633 0 0
936402926495074309 0 0
319880957255473801 0 0
895243611818197615 0 0
755391375804950901 0 0
905175454015756859 0 0
585045715815446597 0 0
106337636224051985 0 0
792839912748956479 0 0
176462239478776707 0 0
198925253592362439 0 0
743654576688079479 0 0
738192208167339701 0 0
434823291776055115 0 0
961331301671897323 0 0
698188355652514589 0 0
422739108264423791 0 0
392693818781385707 0 0
880554863686050197 0 0
263496607330253089 0 0
178100733135738197 0 0
820129428060908391 0 0
318422538102548281 0 0
790277851098606083 0 0
242211589130040583 0 0
699594756314138579 0 0
288482682220903237 0 0
705128992133032225 0 0
357574605961376403 0 0
281655030812827451 0 0
339547818999610799 0 0
521239712733779201 0 0
931147429956917281 0 0
264767937312500005 0 0
771950302842435603 0 0
861218378846387631 0 0
675450319269732997 0 0
270190136053555437 0 0
264587801473736559 0 0
142220282931876441 0 0
398533157155848571 0 0
281729383349486449 0 0
574288634846533449 0 0
173206902734635671 0 0
274268675020234597 0 0
110400750497566733 0 0
107361698713082993 0 0
829953295350634417 0 0
605333875255503411 0 0
219246534458185873 0 0
543159488304738635 0 0
909028775087337725 0 0
101707588231012533 0 0
651437798772238753 0 0
251294934609978291 0 0
563135292818903063 0 0
569126291161589013 0 0
696708311570425709 0 0
111254780826297807 0 0
200904425147803167 0 0
980141073126248119 0 0
901202461330349759 0 0
785408039370367337 0 0
399279528092800411 0 0
468054205264582475 0 0
241656984275271725 0 0
526349888570436775 0 0
995283207334364267 0 0
168207633625808125 0 0
265755479916890847 0 0
494034691302526305 0 0
703500523359159475 0 0
967607484043772805 0 0
889556126245184425 0 0
796226752438898191 0 0
332982295061207011 0 0
459061215608557603 0 0
669355483036711569 0 0
934773458664420115 0 0
219752611970529327 0 0
268192093679421151 0 0
349835723991130629 0 0
329168717292923511 0 0
889798412897619037 0 0
740962340867589327 0 0
266812186531854687 0 0
229845039755227435 0 0
659513647330817089 0 0
954686817378035393 0 0
623331624542250735 0 0
621692869330329711 0 0
303714372999348043 0 0
655162148037066539 0 0
807607299617237259 0 0
433198562148955691 0 0
686770445655306727 0 0
949452509955881489 0 0
657210856544748563 0 0
931345610670259651 0 0
447042229481441603 0 0
