102063859 1 1
124354723 1 1
135723761 1 1
141254387 1 1
145791781 1 1
150708629 1 1
186304901 1 1
189247337 1 1
193455463 1 1
195653251 1 1
202634303 1 1
206665421 1 1
211777493 1 1
213939953 1 1
218089981 1 1
229580137 1 1
233015647 1 1
236630143 1 1
241078021 1 1
248314879 1 1
249196699 1 1
249571691 1 1
253600141 1 1
261780551 1 1
275021651 1 1
275417803 1 1
290258737 1 1
295132207 1 1
296772337 1 1
310856341 1 1
321791507 1 1
330095243 1 1
330720889 1 1
335254741 1 1
341295139 1 1
348591751 1 1
349173467 1 1
349897277 1 1
362885239 1 1
367805077 1 1
372537511 1 1
386215519 1 1
387256591 1 1
390112777 1 1
398464307 1 1
403567363 1 1
413121517 1 1
413763907 1 1
419253409 1 1
420121613 1 1
436472497 1 1
461987639 1 1
467318671 1 1
467786353 1 1
477958057 1 1
481389749 1 1
481863917 1 1
489815201 1 1
491072381 1 1
499861049 1 1
502388611 1 1
524180743 1 1
539779481 1 1
542148251 1 1
546064829 1 1
559403863 1 1
565092821 1 1
568872043 1 1
586297211 1 1
586619303 1 1
603047513 1 1
606996521 1 1
620401703 1 1
637112813 1 1
643900757 1 1
649894097 1 1
690309329 1 1
691518071 1 1
700781597 1 1
701458993 1 1
703410451 1 1
712272811 1 1
713552899 1 1
721918229 1 1
724799531 1 1
725471683 1 1
738190177 1 1
750544351 1 1
755288239 1 1
759339551 1 1
761781829 1 1
765777941 1 1
765993589 1 1
766006331 1 1
768801521 1 1
770481073 1 1
771554437 1 1
772212191 1 1
777547501 1 1
781434133 1 1
